<?xml version="1.0" encoding="UTF-8"?>
<!-- Generated by org.testng.reporters.JUnitXMLReporter -->
<testsuite ignored="0" hostname="DESKTOP-02HTNM8" failures="0" tests="4" name="Default test" time="178.682" errors="0" timestamp="2023-02-21T10:58:00 IST">
  <testcase classname="com.nxtgenai.testng.APIDemo" name="launchApplication" time="12.576"/>
  <testcase classname="com.nxtgenai.testng.APIDemo" name="handlingRadioButton" time="66.593"/>
  <testcase classname="com.nxtgenai.testng.APIDemo" name="handlingCheckBox" time="98.615"/>
  <testcase classname="com.nxtgenai.testng.APIDemo" name="closeApplication" time="0.844"/>
</testsuite> <!-- Default test -->
