<?xml version="1.0" encoding="UTF-8"?>
<!-- Generated by org.testng.reporters.JUnitXMLReporter -->
<testsuite ignored="0" hostname="DESKTOP-02HTNM8" failures="0" tests="4" name="API Demo Application" time="182.051" errors="0" timestamp="2023-02-21T11:15:39 IST">
  <testcase classname="com.nxtgenai.testng.APIDemo" name="launchApplication" time="11.937"/>
  <testcase classname="com.nxtgenai.testng.APIDemo" name="handlingRadioButton" time="67.538"/>
  <testcase classname="com.nxtgenai.testng.APIDemo" name="handlingCheckBox" time="101.979"/>
  <testcase classname="com.nxtgenai.testng.APIDemo" name="closeApplication" time="0.552"/>
</testsuite> <!-- API Demo Application -->
