<?xml version="1.0" encoding="UTF-8"?>
<testng-results ignored="0" total="4" passed="4" failed="0" skipped="0">
  <reporter-output>
  </reporter-output>
  <suite started-at="2023-02-21T10:55:01 IST" name="Default suite" finished-at="2023-02-21T10:58:00 IST" duration-ms="178682">
    <groups>
    </groups>
    <test started-at="2023-02-21T10:55:01 IST" name="Default test" finished-at="2023-02-21T10:58:00 IST" duration-ms="178682">
      <class name="com.nxtgenai.testng.APIDemo">
        <test-method signature="launchApplication()[pri:1, instance:com.nxtgenai.testng.APIDemo@4b741d6d]" started-at="2023-02-21T10:55:01 IST" name="launchApplication" finished-at="2023-02-21T10:55:14 IST" duration-ms="12576" status="PASS">
          <reporter-output>
          </reporter-output>
        </test-method> <!-- launchApplication -->
        <test-method signature="handlingRadioButton()[pri:2, instance:com.nxtgenai.testng.APIDemo@4b741d6d]" started-at="2023-02-21T10:55:14 IST" name="handlingRadioButton" finished-at="2023-02-21T10:56:21 IST" duration-ms="66593" status="PASS">
          <reporter-output>
          </reporter-output>
        </test-method> <!-- handlingRadioButton -->
        <test-method signature="handlingCheckBox()[pri:3, instance:com.nxtgenai.testng.APIDemo@4b741d6d]" started-at="2023-02-21T10:56:21 IST" name="handlingCheckBox" finished-at="2023-02-21T10:57:59 IST" duration-ms="98615" status="PASS">
          <reporter-output>
          </reporter-output>
        </test-method> <!-- handlingCheckBox -->
        <test-method signature="closeApplication()[pri:4, instance:com.nxtgenai.testng.APIDemo@4b741d6d]" started-at="2023-02-21T10:57:59 IST" name="closeApplication" finished-at="2023-02-21T10:58:00 IST" duration-ms="844" status="PASS">
          <reporter-output>
          </reporter-output>
        </test-method> <!-- closeApplication -->
      </class> <!-- com.nxtgenai.testng.APIDemo -->
    </test> <!-- Default test -->
  </suite> <!-- Default suite -->
</testng-results>
